<?xml version="1.0" encoding="UTF-8"?>
<testng-results ignored="0" total="1" passed="1" failed="0" skipped="0">
  <reporter-output>
  </reporter-output>
  <suite started-at="2024-01-24T16:03:25 IST" name="Default suite" finished-at="2024-01-24T16:03:39 IST" duration-ms="13728">
    <groups>
    </groups>
    <test started-at="2024-01-24T16:03:25 IST" name="Default test" finished-at="2024-01-24T16:03:39 IST" duration-ms="13728">
      <class name="driverFactory.app">
        <test-method signature="kickStart()[pri:0, instance:driverFactory.app@5b03b9fe]" started-at="2024-01-24T16:03:25 IST" name="kickStart" finished-at="2024-01-24T16:03:39 IST" duration-ms="13690" status="PASS">
          <reporter-output>
          </reporter-output>
        </test-method> <!-- kickStart -->
      </class> <!-- driverFactory.app -->
    </test> <!-- Default test -->
  </suite> <!-- Default suite -->
</testng-results>
