<?xml version="1.0" encoding="UTF-8"?>
<!-- Generated by org.testng.reporters.JUnitXMLReporter -->
<testsuite ignored="0" hostname="DESKTOP-E5IQ7J0" failures="1" tests="1" name="Default test(failed)" time="0.869" errors="0" timestamp="2024-01-24T15:11:19 IST">
  <testcase classname="driverFactory.AppTest" name="kickStart" time="0.822">
    <failure type="java.lang.NullPointerException" message="Cannot invoke &amp;quot;org.apache.poi.ss.usermodel.Sheet.getLastRowNum()&amp;quot; because the return value of &amp;quot;org.apache.poi.ss.usermodel.Workbook.getSheet(String)&amp;quot; is null">
      <![CDATA[java.lang.NullPointerException: Cannot invoke "org.apache.poi.ss.usermodel.Sheet.getLastRowNum()" because the return value of "org.apache.poi.ss.usermodel.Workbook.getSheet(String)" is null
at utilities.ExcelFIleUtil.rowCount(ExcelFIleUtil.java:26)
at driverFactory.DriverScript.startTest(DriverScript.java:36)
at driverFactory.AppTest.kickStart(AppTest.java:11)
at java.base/java.util.ArrayList.forEach(ArrayList.java:1511)
... Removed 27 stack frames]]>
    </failure>
  </testcase> <!-- kickStart -->
</testsuite> <!-- Default test(failed) -->
